<?xml version="1.0" encoding="UTF-8"?>
<testng-results ignored="0" total="1" passed="1" failed="0" skipped="0">
  <reporter-output>
    <line>
      <![CDATA[Successfully running]]>
    </line>
    <line>
      <![CDATA[Successfully running]]>
    </line>
    <line>
      <![CDATA[Successfully running]]>
    </line>
    <line>
      <![CDATA[Successfully running]]>
    </line>
    <line>
      <![CDATA[Successfully running]]>
    </line>
    <line>
      <![CDATA[Successfully running]]>
    </line>
  </reporter-output>
  <suite started-at="2020-08-09T08:27:29 IST" name="Default suite" finished-at="2020-08-09T08:27:30 IST" duration-ms="165">
    <groups>
    </groups>
    <test started-at="2020-08-09T08:27:29 IST" name="Default test" finished-at="2020-08-09T08:27:30 IST" duration-ms="165">
      <class name="com.actitime.timetrack.Demo">
        <test-method signature="runTest()[pri:0, instance:com.actitime.timetrack.Demo@d6e7bab]" started-at="2020-08-09T08:27:30 IST" name="runTest" finished-at="2020-08-09T08:27:30 IST" duration-ms="30" status="PASS">
          <reporter-output>
            <line>
              <![CDATA[Successfully running]]>
            </line>
            <line>
              <![CDATA[Successfully running]]>
            </line>
            <line>
              <![CDATA[Successfully running]]>
            </line>
            <line>
              <![CDATA[Successfully running]]>
            </line>
            <line>
              <![CDATA[Successfully running]]>
            </line>
            <line>
              <![CDATA[Successfully running]]>
            </line>
          </reporter-output>
        </test-method> <!-- runTest -->
      </class> <!-- com.actitime.timetrack.Demo -->
    </test> <!-- Default test -->
  </suite> <!-- Default suite -->
</testng-results>
